\BOOKMARK [0][-]{chapter.1}{Introduction}{}% 1
\BOOKMARK [0][-]{chapter.2}{Linear Algebra Review}{}% 2
\BOOKMARK [1][-]{section.2.1}{Vectors and vector spaces}{chapter.2}% 3
\BOOKMARK [1][-]{section.2.2}{Matrices}{chapter.2}% 4
\BOOKMARK [0][-]{chapter.3}{Transformations}{}% 5
\BOOKMARK [1][-]{section.3.1}{Homogenous Transforms}{chapter.3}% 6
\BOOKMARK [2][-]{subsection.3.1.1}{Conventions}{section.3.1}% 7
\BOOKMARK [2][-]{subsection.3.1.2}{Definitions}{section.3.1}% 8
\BOOKMARK [2][-]{subsection.3.1.3}{Homogeneous Transforms}{section.3.1}% 9
\BOOKMARK [2][-]{subsection.3.1.4}{Euler Angles}{section.3.1}% 10
\BOOKMARK [2][-]{subsection.3.1.5}{Quaternions}{section.3.1}% 11
\BOOKMARK [0][-]{chapter.4}{Convexity and Optimization}{}% 12
\BOOKMARK [1][-]{section.4.1}{Convex Optimization}{chapter.4}% 13
\BOOKMARK [1][-]{section.4.2}{Search for Optimization}{chapter.4}% 14
\BOOKMARK [1][-]{section.4.3}{Search for a Path \(used in motion planning\)}{chapter.4}% 15
\BOOKMARK [0][-]{chapter.5}{Motion Planning}{}% 16
\BOOKMARK [1][-]{section.5.1}{Methods}{chapter.5}% 17
\BOOKMARK [1][-]{section.5.2}{Configuration Space}{chapter.5}% 18
\BOOKMARK [1][-]{section.5.3}{Sampling-based Planning}{chapter.5}% 19
\BOOKMARK [1][-]{section.5.4}{Nonholonomic Planning}{chapter.5}% 20
\BOOKMARK [0][-]{chapter.6}{Kinematics}{}% 21
\BOOKMARK [0][-]{chapter.7}{Grasping}{}% 22
\BOOKMARK [1][-]{section.7.1}{Definitions}{chapter.7}% 23
\BOOKMARK [1][-]{section.7.2}{Form Closure}{chapter.7}% 24
\BOOKMARK [1][-]{section.7.3}{Force Closure}{chapter.7}% 25
\BOOKMARK [1][-]{section.7.4}{Searching for Force Closure Grasps}{chapter.7}% 26
\BOOKMARK [1][-]{section.7.5}{Integrating Grasping and Motion Planning}{chapter.7}% 27
\BOOKMARK [0][-]{chapter.8}{SVD and PCA}{}% 28
\BOOKMARK [1][-]{section.8.1}{Definitions}{chapter.8}% 29
\BOOKMARK [1][-]{section.8.2}{Singular Value Decomposition \(SVD\)}{chapter.8}% 30
\BOOKMARK [1][-]{section.8.3}{Principle Component Analysis \(PCA\)}{chapter.8}% 31
\BOOKMARK [2][-]{subsection.8.3.1}{Limitations of PCA}{section.8.3}% 32
\BOOKMARK [2][-]{subsection.8.3.2}{Applications of PCA}{section.8.3}% 33
\BOOKMARK [0][-]{chapter.9}{Probabilistic Models}{}% 34
\BOOKMARK [1][-]{section.9.1}{Probability Basics}{chapter.9}% 35
\BOOKMARK [2][-]{subsection.9.1.1}{Discrete Random Variables}{section.9.1}% 36
\BOOKMARK [2][-]{subsection.9.1.2}{Continuous Random Variables}{section.9.1}% 37
\BOOKMARK [2][-]{subsection.9.1.3}{Axioms of Probability Theory}{section.9.1}% 38
\BOOKMARK [2][-]{subsection.9.1.4}{Joint and Conditional Probability}{section.9.1}% 39
\BOOKMARK [2][-]{subsection.9.1.5}{Law of Total Probability \(Discrete\)}{section.9.1}% 40
\BOOKMARK [1][-]{section.9.2}{Bayes Rule}{chapter.9}% 41
\BOOKMARK [2][-]{subsection.9.2.1}{Casual and Diagnostic Reasoning}{section.9.2}% 42
\BOOKMARK [2][-]{subsection.9.2.2}{Conditional Independence Example}{section.9.2}% 43
\BOOKMARK [1][-]{section.9.3}{Bayes Net}{chapter.9}% 44
\BOOKMARK [2][-]{subsection.9.3.1}{Markov Random Fields}{section.9.3}% 45
\BOOKMARK [2][-]{subsection.9.3.2}{Conditional Random Fields}{section.9.3}% 46
\BOOKMARK [1][-]{section.9.4}{Learning a probabilistic model}{chapter.9}% 47
\BOOKMARK [0][-]{chapter.10}{Filters}{}% 48
\BOOKMARK [1][-]{section.10.1}{Bayes Filter}{chapter.10}% 49
\BOOKMARK [1][-]{section.10.2}{Kalman Filter}{chapter.10}% 50
\BOOKMARK [1][-]{section.10.3}{Extended Kalman Filter \(EKF\)}{chapter.10}% 51
\BOOKMARK [0][-]{chapter.11}{MDP and POMDPs}{}% 52
