\BOOKMARK [0][-]{chapter.1}{Introduction}{}% 1
\BOOKMARK [0][-]{chapter.2}{Learning from demonstration}{}% 2
\BOOKMARK [0][-]{chapter.3}{Self-supervised Learning}{}% 3
\BOOKMARK [0][-]{chapter.4}{Meta-learning}{}% 4
\BOOKMARK [0][-]{chapter.5}{Embodied learning}{}% 5
\BOOKMARK [0][-]{chapter.6}{Statistics}{}% 6
\BOOKMARK [1][-]{section.6.1}{Casual Inference}{chapter.6}% 7
\BOOKMARK [2][-]{subsection.6.1.1}{Potential Outcomes}{section.6.1}% 8
\BOOKMARK [2][-]{subsection.6.1.2}{Ignorability and Exchangability}{section.6.1}% 9
\BOOKMARK [2][-]{subsection.6.1.3}{Definitions}{section.6.1}% 10
\BOOKMARK [2][-]{subsection.6.1.4}{Causal Graphs}{section.6.1}% 11
\BOOKMARK [2][-]{subsection.6.1.5}{d-separation}{section.6.1}% 12
\BOOKMARK [2][-]{subsection.6.1.6}{Structural Causal Models \(SCMs\)}{section.6.1}% 13
\BOOKMARK [1][-]{section.6.2}{Bayesian Inference}{chapter.6}% 14
\BOOKMARK [1][-]{section.6.3}{Variational Inference}{chapter.6}% 15
\BOOKMARK [1][-]{section.6.4}{Expectation Maximization}{chapter.6}% 16
\BOOKMARK [1][-]{section.6.5}{Gaussian Processes}{chapter.6}% 17
\BOOKMARK [1][-]{section.6.6}{Gumbel Softmax Trick}{chapter.6}% 18
\BOOKMARK [0][-]{chapter.7}{Robotics}{}% 19
\BOOKMARK [0][-]{chapter.8}{Vision}{}% 20
\BOOKMARK [1][-]{section.8.1}{Glossary}{chapter.8}% 21
\BOOKMARK [1][-]{section.8.2}{Datasets}{chapter.8}% 22
\BOOKMARK [1][-]{section.8.3}{Convolutional Networks}{chapter.8}% 23
\BOOKMARK [1][-]{section.8.4}{CNN Architectures}{chapter.8}% 24
\BOOKMARK [1][-]{section.8.5}{Recurrent Networks}{chapter.8}% 25
\BOOKMARK [1][-]{section.8.6}{RCNN and variants}{chapter.8}% 26
\BOOKMARK [2][-]{subsection.8.6.1}{Other popular architectures}{section.8.6}% 27
\BOOKMARK [1][-]{section.8.7}{Detection}{chapter.8}% 28
\BOOKMARK [2][-]{subsection.8.7.1}{Single-stage detectors}{section.8.7}% 29
\BOOKMARK [2][-]{subsection.8.7.2}{Two-stage detectors}{section.8.7}% 30
\BOOKMARK [1][-]{section.8.8}{Segmentation}{chapter.8}% 31
\BOOKMARK [2][-]{subsection.8.8.1}{Semantic segmentation}{section.8.8}% 32
\BOOKMARK [2][-]{subsection.8.8.2}{Instance segmentation}{section.8.8}% 33
\BOOKMARK [2][-]{subsection.8.8.3}{Keypoint estimation}{section.8.8}% 34
\BOOKMARK [1][-]{section.8.9}{Domain Adaptation}{chapter.8}% 35
\BOOKMARK [1][-]{section.8.10}{3D}{chapter.8}% 36
\BOOKMARK [2][-]{subsection.8.10.1}{Representations}{section.8.10}% 37
\BOOKMARK [2][-]{subsection.8.10.2}{Depth estimation}{section.8.10}% 38
\BOOKMARK [2][-]{subsection.8.10.3}{3D shape prediction}{section.8.10}% 39
\BOOKMARK [2][-]{subsection.8.10.4}{Voxels and pointclouds}{section.8.10}% 40
\BOOKMARK [2][-]{subsection.8.10.5}{Structure from Motion}{section.8.10}% 41
\BOOKMARK [2][-]{subsection.8.10.6}{View Synthesis}{section.8.10}% 42
\BOOKMARK [2][-]{subsection.8.10.7}{Differentiable Graphics}{section.8.10}% 43
\BOOKMARK [1][-]{section.8.11}{Dataset biases}{chapter.8}% 44
\BOOKMARK [1][-]{section.8.12}{Vision and language}{chapter.8}% 45
\BOOKMARK [1][-]{section.8.13}{Vision and sound}{chapter.8}% 46
\BOOKMARK [1][-]{section.8.14}{Attention for vision}{chapter.8}% 47
\BOOKMARK [0][-]{chapter.9}{Generative Models}{}% 48
\BOOKMARK [1][-]{section.9.1}{Definitions}{chapter.9}% 49
\BOOKMARK [1][-]{section.9.2}{Generative Adversarial Networks}{chapter.9}% 50
\BOOKMARK [2][-]{subsection.9.2.1}{Why GANs?}{section.9.2}% 51
\BOOKMARK [2][-]{subsection.9.2.2}{How do GANs work?}{section.9.2}% 52
\BOOKMARK [0][-]{chapter.10}{Reinforcement Learning}{}% 53
\BOOKMARK [1][-]{section.10.1}{Definitions}{chapter.10}% 54
\BOOKMARK [1][-]{section.10.2}{Markov Decision Processes}{chapter.10}% 55
\BOOKMARK [1][-]{section.10.3}{Value-iteration}{chapter.10}% 56
\BOOKMARK [1][-]{section.10.4}{Q-learning}{chapter.10}% 57
\BOOKMARK [1][-]{section.10.5}{Hindsight Experience Replay}{chapter.10}% 58
\BOOKMARK [1][-]{section.10.6}{RL Algorithms}{chapter.10}% 59
\BOOKMARK [2][-]{subsection.10.6.1}{Taxonomy}{section.10.6}% 60
\BOOKMARK [2][-]{subsection.10.6.2}{Policy Gradients}{section.10.6}% 61
\BOOKMARK [2][-]{subsection.10.6.3}{Deep Deterministic Policy Gradient \(DDPG\)}{section.10.6}% 62
\BOOKMARK [1][-]{section.10.7}{Batch/Offline Reinforcement Learning}{chapter.10}% 63
\BOOKMARK [1][-]{section.10.8}{Curiosity Driven Exploration}{chapter.10}% 64
\BOOKMARK [1][-]{section.10.9}{Inverse Reinforcement Learning}{chapter.10}% 65
\BOOKMARK [1][-]{section.10.10}{General tips when using RL}{chapter.10}% 66
\BOOKMARK [0][-]{chapter.11}{Natural Language Processing}{}% 67
\BOOKMARK [1][-]{section.11.1}{Natural Language Tasks and Application}{chapter.11}% 68
\BOOKMARK [1][-]{section.11.2}{Neural Machine Translation}{chapter.11}% 69
\BOOKMARK [1][-]{section.11.3}{RNN}{chapter.11}% 70
\BOOKMARK [1][-]{section.11.4}{Encoder-decoder models}{chapter.11}% 71
\BOOKMARK [1][-]{section.11.5}{Evaluation Metrics}{chapter.11}% 72
\BOOKMARK [1][-]{section.11.6}{Challenges}{chapter.11}% 73
\BOOKMARK [1][-]{section.11.7}{Attention}{chapter.11}% 74
\BOOKMARK [1][-]{section.11.8}{Transformers and Self-attention}{chapter.11}% 75
\BOOKMARK [0][-]{chapter.12}{Clustering}{}% 76
\BOOKMARK [1][-]{section.12.1}{K-means}{chapter.12}% 77
\BOOKMARK [1][-]{section.12.2}{Hierarchical clustering}{chapter.12}% 78
\BOOKMARK [1][-]{section.12.3}{Nonparametric clustering}{chapter.12}% 79
\BOOKMARK [2][-]{subsection.12.3.1}{Dirichlet processes}{section.12.3}% 80
\BOOKMARK [2][-]{subsection.12.3.2}{Chinese restaurant process}{section.12.3}% 81
\BOOKMARK [2][-]{subsection.12.3.3}{Polya Urn Model}{section.12.3}% 82
\BOOKMARK [2][-]{subsection.12.3.4}{Stick-breaking construction}{section.12.3}% 83
\BOOKMARK [2][-]{subsection.12.3.5}{Gibbs sampling}{section.12.3}% 84
\BOOKMARK [2][-]{subsection.12.3.6}{Metropolis Hastings}{section.12.3}% 85
\BOOKMARK [0][-]{chapter.13}{10-708 PGM}{}% 86
\BOOKMARK [1][-]{section.13.1}{Lecture \0431: Introduction to GMs}{chapter.13}% 87
\BOOKMARK [1][-]{section.13.2}{Lecture \0432: Bayesian Networks}{chapter.13}% 88
\BOOKMARK [1][-]{section.13.3}{Lecture \0433: Parameter Estimation}{chapter.13}% 89
\BOOKMARK [2][-]{subsection.13.3.1}{Generalized Linear Models \(GLIMs\)}{section.13.3}% 90
\BOOKMARK [2][-]{subsection.13.3.2}{Parameter Estimation for Partially Observed GMs}{section.13.3}% 91
\BOOKMARK [1][-]{section.13.4}{Lecture \0436: Case studies: HMM and CRF}{chapter.13}% 92
\BOOKMARK [1][-]{section.13.5}{Lecture \0437: Variation Inference 1}{chapter.13}% 93
\BOOKMARK [1][-]{section.13.6}{Lecture \0439: Sampling 1}{chapter.13}% 94
\BOOKMARK [2][-]{subsection.13.6.1}{Markov Chain Monte Carlo \(MCMC\)}{section.13.6}% 95
\BOOKMARK [2][-]{subsection.13.6.2}{Important probability distributions}{section.13.6}% 96
\BOOKMARK [2][-]{subsection.13.6.3}{Markov Chain Concepts}{section.13.6}% 97
\BOOKMARK [0][-]{chapter.14}{Paper Outlines}{}% 98
\BOOKMARK [1][-]{section.14.1}{Counterfactual Data Augmentation \(CoDA\)}{chapter.14}% 99
\BOOKMARK [1][-]{section.14.2}{Differentiable Causal Discovery from Interventional Data \(DCDI\)}{chapter.14}% 100
\BOOKMARK [1][-]{section.14.3}{Off-Policy Deep Reinforcement Learning without Exploration \(BCQ\)}{chapter.14}% 101
\BOOKMARK [1][-]{section.14.4}{IRIS: Implicit Reinforcement without Interaction at Scale for Learning Control from Offline Robot Manipulation Data}{chapter.14}% 102
\BOOKMARK [1][-]{section.14.5}{Building Machines That Learn and Think}{chapter.14}% 103
\BOOKMARK [1][-]{section.14.6}{A Review of Robot Learning for Manipulation}{chapter.14}% 104
\BOOKMARK [1][-]{section.14.7}{Lessons from Amazon Picking Challenge}{chapter.14}% 105
\BOOKMARK [1][-]{section.14.8}{Reinforcement and Imitation Learning for Diverse Visuomotor Skills}{chapter.14}% 106
\BOOKMARK [1][-]{section.14.9}{Making Sense of Vision and Touch}{chapter.14}% 107
\BOOKMARK [1][-]{section.14.10}{Neural Task Programming: Learning to Generalize Across Hierarchical Tasks}{chapter.14}% 108
\BOOKMARK [1][-]{section.14.11}{ALFRED: A Benchmark for Interpreting Grounded Instructions for Everyday Tasks}{chapter.14}% 109
\BOOKMARK [1][-]{section.14.12}{Causal Discovery with Reinforcement Learning}{chapter.14}% 110
\BOOKMARK [0][-]{chapter.15}{Glossary}{}% 111
\BOOKMARK [1][-]{section.15.1}{Glossary}{chapter.15}% 112
